MODE Solutions Version 7.11.1584 (Windows 64bit)
 expires (month/day/year): 12/31/2025
using config file: C:/Users/Hezq/AppData/Roaming/Lumerical/MODE Solutions.ini
license host: <a href=http://localhost:8095>localhost:8095</a>
current time: Sun Jan 31 10:43:19 2021
Running on host: LAPTOP-TV95F1C9
Running lms file: D:\Program Files\Lumerical\MODE\bin\eme-engine-msmpi.exe -t 8 -remote E:/Codes/Lumerical/BUllSHIT  lumerical/EME  shift_Bragg_eme.lms
Running MODE Simulation
Starting meshing
Simulation size in gridpoints: 1 x 81 x 39
Refined 0 mesh cells (0%)
Completed meshing!
Meshing complete in 0 seconds of CPU time
Starting meshing
Simulation size in gridpoints: 1 x 81 x 39
Refined 0 mesh cells (0%)
Completed meshing!
Meshing complete in 0 seconds of CPU time
Starting meshing
Simulation size in gridpoints: 1 x 81 x 39
Refined 0 mesh cells (0%)
Completed meshing!
Meshing complete in 0 seconds of CPU time
Starting meshing
Simulation size in gridpoints: 1 x 81 x 39
Refined 0 mesh cells (0%)
Completed meshing!
Meshing complete in 0 seconds of CPU time
Starting meshing
Simulation size in gridpoints: 1 x 81 x 39
Refined 0 mesh cells (0%)
Completed meshing!
Meshing complete in 0 seconds of CPU time
Starting meshing
Simulation size in gridpoints: 1 x 81 x 39
Refined 0 mesh cells (0%)
Completed meshing!
Meshing complete in 0 seconds of CPU time
Starting meshing
Simulation size in gridpoints: 1 x 81 x 39
Refined 0 mesh cells (0%)
Completed meshing!
Meshing complete in 0.109375 seconds of CPU time
Starting meshing
Simulation size in gridpoints: 1 x 81 x 39
Refined 0 mesh cells (0%)
Completed meshing!
Meshing complete in 0 seconds of CPU time
Starting meshing
Simulation size in gridpoints: 1 x 81 x 39
Refined 0 mesh cells (0%)
Completed meshing!
Meshing complete in 0 seconds of CPU time
Starting meshing
Simulation size in gridpoints: 1 x 81 x 39
Refined 0 mesh cells (0%)
Completed meshing!
Meshing complete in 0 seconds of CPU time
Starting meshing
Simulation size in gridpoints: 1 x 81 x 39
Refined 0 mesh cells (0%)
Completed meshing!
Meshing complete in 0 seconds of CPU time
Starting meshing
Simulation size in gridpoints: 1 x 81 x 39
Refined 0 mesh cells (0%)
Completed meshing!
Meshing complete in 0.109375 seconds of CPU time
Starting meshing
Simulation size in gridpoints: 1 x 81 x 39
Refined 0 mesh cells (0%)
Completed meshing!
Meshing complete in 0 seconds of CPU time
Starting meshing
Simulation size in gridpoints: 1 x 81 x 39
Refined 0 mesh cells (0%)
Completed meshing!
Meshing complete in 0 seconds of CPU time
Starting meshing
Simulation size in gridpoints: 1 x 81 x 39
Refined 0 mesh cells (0%)
Completed meshing!
Meshing complete in 0 seconds of CPU time
Starting meshing
Simulation size in gridpoints: 1 x 81 x 39
Refined 0 mesh cells (0%)
Completed meshing!
Meshing complete in 0 seconds of CPU time
Starting meshing
Simulation size in gridpoints: 1 x 81 x 39
Refined 0 mesh cells (0%)
Completed meshing!
Meshing complete in 0 seconds of CPU time
Starting meshing
Simulation size in gridpoints: 1 x 81 x 39
Refined 0 mesh cells (0%)
Completed meshing!
Meshing complete in 0 seconds of CPU time
Starting meshing
Simulation size in gridpoints: 1 x 81 x 39
Refined 0 mesh cells (0%)
Completed meshing!
Meshing complete in 0 seconds of CPU time
Starting meshing
Simulation size in gridpoints: 1 x 81 x 39
Refined 0 mesh cells (0%)
Completed meshing!
Meshing complete in 0.109375 seconds of CPU time
Starting meshing
Simulation size in gridpoints: 1 x 81 x 39
Refined 0 mesh cells (0%)
Completed meshing!
Meshing complete in 0 seconds of CPU time
Starting meshing
Simulation size in gridpoints: 1 x 81 x 39
Refined 0 mesh cells (0%)
Completed meshing!
Meshing complete in 0 seconds of CPU time
Starting meshing
Simulation size in gridpoints: 1 x 81 x 39
Refined 0 mesh cells (0%)
Completed meshing!
Meshing complete in 0 seconds of CPU time
Starting meshing
Simulation size in gridpoints: 1 x 81 x 39
Refined 0 mesh cells (0%)
Completed meshing!
Meshing complete in 0 seconds of CPU time
Starting meshing
Simulation size in gridpoints: 1 x 81 x 39
Refined 0 mesh cells (0%)
Completed meshing!
Meshing complete in 0 seconds of CPU time
Starting meshing
Simulation size in gridpoints: 1 x 81 x 39
Refined 0 mesh cells (0%)
Completed meshing!
Meshing complete in 0 seconds of CPU time
Starting meshing
Simulation size in gridpoints: 1 x 81 x 39
Refined 0 mesh cells (0%)
Completed meshing!
Meshing complete in 0 seconds of CPU time
